<?xml version="1.0" encoding="UTF-8"?>
<!-- Generated by org.testng.reporters.JUnitXMLReporter -->
<testsuite ignored="0" hostname="lavanya-Precision-3551" failures="1" tests="1" name="test" time="18.569" errors="0" timestamp="2022-11-28T00:07:54 IST">
  <testcase classname="Test.TestValidation" name="verifyReleaseDateAndOriginOfCountry" time="3.324">
    <failure type="java.lang.AssertionError" message="The following asserts failed:
	Release date is not matching in wiki &amp;amp; imdb expected [17 December 2021] but found [December 17, 2021 (India)]">
      <![CDATA[java.lang.AssertionError: The following asserts failed:
Release date is not matching in wiki & imdb expected [17 December 2021] but found [December 17, 2021 (India)]
at Test.TestValidation.verifyReleaseDateAndOriginOfCountry(TestValidation.java:65)
at java.base/java.util.ArrayList.forEach(ArrayList.java:1541)
... Removed 29 stack frames]]>
    </failure>
  </testcase> <!-- verifyReleaseDateAndOriginOfCountry -->
</testsuite> <!-- test -->
